{"/Users/frankyston/lab/test-mocha/src/sum.js":{"path":"/Users/frankyston/lab/test-mocha/src/sum.js","s":{"1":1,"2":4,"3":1,"4":3,"5":1,"6":2,"7":1,"8":8,"9":1,"10":5,"11":1},"b":{"1":[1,3],"2":[4,4],"3":[1,2],"4":[3,2]},"f":{"1":4,"2":8,"3":5},"fnMap":{"1":{"name":"sum","line":2,"loc":{"start":{"line":2,"column":0},"end":{"line":2,"column":18}}},"2":{"name":"isEmpty","line":10,"loc":{"start":{"line":10,"column":0},"end":{"line":10,"column":21}}},"3":{"name":"isNumber","line":13,"loc":{"start":{"line":13,"column":0},"end":{"line":13,"column":22}}}},"statementMap":{"1":{"start":{"line":2,"column":0},"end":{"line":8,"column":1}},"2":{"start":{"line":3,"column":2},"end":{"line":4,"column":57}},"3":{"start":{"line":4,"column":4},"end":{"line":4,"column":57}},"4":{"start":{"line":5,"column":2},"end":{"line":6,"column":56}},"5":{"start":{"line":6,"column":4},"end":{"line":6,"column":56}},"6":{"start":{"line":7,"column":2},"end":{"line":7,"column":15}},"7":{"start":{"line":10,"column":0},"end":{"line":12,"column":1}},"8":{"start":{"line":11,"column":2},"end":{"line":11,"column":14}},"9":{"start":{"line":13,"column":0},"end":{"line":15,"column":1}},"10":{"start":{"line":14,"column":2},"end":{"line":14,"column":67}},"11":{"start":{"line":17,"column":0},"end":{"line":17,"column":21}}},"branchMap":{"1":{"line":3,"type":"if","locations":[{"start":{"line":3,"column":2},"end":{"line":3,"column":2}},{"start":{"line":3,"column":2},"end":{"line":3,"column":2}}]},"2":{"line":3,"type":"binary-expr","locations":[{"start":{"line":3,"column":5},"end":{"line":3,"column":15}},{"start":{"line":3,"column":19},"end":{"line":3,"column":29}}]},"3":{"line":5,"type":"if","locations":[{"start":{"line":5,"column":2},"end":{"line":5,"column":2}},{"start":{"line":5,"column":2},"end":{"line":5,"column":2}}]},"4":{"line":5,"type":"binary-expr","locations":[{"start":{"line":5,"column":5},"end":{"line":5,"column":17}},{"start":{"line":5,"column":21},"end":{"line":5,"column":33}}]}}}}